2024-04-24 14:24:47 [main] INFO  DemoApplication - Starting BankApplication using Java 1.8.0_402 on MacBooks-MBP.lan with PID 52201 (/Users/macbookpro/Documents/bank_demo_spring_boot/target/classes started by macbookpro in /Users/macbookpro/Documents/bank_demo_spring_boot)
2024-04-24 14:24:47 [main] INFO  DemoApplication - No active profile set, falling back to 1 default profile: "default"
2024-04-24 14:24:48 [main] INFO  o.s.d.r.c.RepositoryConfigurationDelegate - Bootstrapping Spring Data JPA repositories in DEFAULT mode.
2024-04-24 14:24:48 [main] INFO  o.s.d.r.c.RepositoryConfigurationDelegate - Finished Spring Data repository scanning in 108 ms. Found 4 JPA repository interfaces.
2024-04-24 14:24:49 [main] INFO  o.s.b.w.e.tomcat.TomcatWebServer - Tomcat initialized with port(s): 8082 (http)
2024-04-24 14:24:49 [main] INFO  o.a.coyote.http11.Http11NioProtocol - Initializing ProtocolHandler ["http-nio-8082"]
2024-04-24 14:24:49 [main] INFO  o.a.catalina.core.StandardService - Starting service [Tomcat]
2024-04-24 14:24:49 [main] INFO  o.a.catalina.core.StandardEngine - Starting Servlet engine: [Apache Tomcat/9.0.63]
2024-04-24 14:24:50 [main] INFO  o.a.c.c.C.[Tomcat].[localhost].[/] - Initializing Spring embedded WebApplicationContext
2024-04-24 14:24:50 [main] INFO  o.s.b.w.s.c.ServletWebServerApplicationContext - Root WebApplicationContext: initialization completed in 2449 ms
2024-04-24 14:24:50 [main] INFO  o.h.jpa.internal.util.LogHelper - HHH000204: Processing PersistenceUnitInfo [name: default]
2024-04-24 14:24:50 [main] INFO  org.hibernate.Version - HHH000412: Hibernate ORM core version 5.6.9.Final
2024-04-24 14:24:51 [main] INFO  o.h.annotations.common.Version - HCANN000001: Hibernate Commons Annotations {5.1.2.Final}
2024-04-24 14:24:51 [main] INFO  com.zaxxer.hikari.HikariDataSource - HikariPool-1 - Starting...
2024-04-24 14:24:51 [main] INFO  com.zaxxer.hikari.HikariDataSource - HikariPool-1 - Start completed.
2024-04-24 14:24:51 [main] INFO  org.hibernate.dialect.Dialect - HHH000400: Using dialect: org.hibernate.dialect.MySQL5Dialect
2024-04-24 14:24:53 [main] INFO  o.h.e.t.j.p.i.JtaPlatformInitiator - HHH000490: Using JtaPlatform implementation: [org.hibernate.engine.transaction.jta.platform.internal.NoJtaPlatform]
2024-04-24 14:24:53 [main] INFO  o.s.o.j.LocalContainerEntityManagerFactoryBean - Initialized JPA EntityManagerFactory for persistence unit 'default'
2024-04-24 14:24:55 [main] INFO  o.a.coyote.http11.Http11NioProtocol - Starting ProtocolHandler ["http-nio-8082"]
2024-04-24 14:24:56 [main] INFO  o.s.b.w.e.tomcat.TomcatWebServer - Tomcat started on port(s): 8082 (http) with context path ''
2024-04-24 14:24:56 [main] INFO  DemoApplication - Started BankApplication in 9.749 seconds (JVM running for 10.861)
2024-04-24 14:25:54 [SpringApplicationShutdownHook] INFO  o.s.o.j.LocalContainerEntityManagerFactoryBean - Closing JPA EntityManagerFactory for persistence unit 'default'
2024-04-24 14:25:54 [SpringApplicationShutdownHook] INFO  com.zaxxer.hikari.HikariDataSource - HikariPool-1 - Shutdown initiated...
2024-04-24 14:25:54 [SpringApplicationShutdownHook] INFO  com.zaxxer.hikari.HikariDataSource - HikariPool-1 - Shutdown completed.
2024-04-24 14:33:43 [main] INFO  DemoApplication - Starting BankApplication using Java 1.8.0_402 on MacBooks-MBP.lan with PID 52274 (/Users/macbookpro/Documents/bank_demo_spring_boot/target/classes started by macbookpro in /Users/macbookpro/Documents/bank_demo_spring_boot)
2024-04-24 14:33:43 [main] INFO  DemoApplication - No active profile set, falling back to 1 default profile: "default"
2024-04-24 14:33:45 [main] INFO  o.s.d.r.c.RepositoryConfigurationDelegate - Bootstrapping Spring Data JPA repositories in DEFAULT mode.
2024-04-24 14:33:45 [main] INFO  o.s.d.r.c.RepositoryConfigurationDelegate - Finished Spring Data repository scanning in 119 ms. Found 4 JPA repository interfaces.
2024-04-24 14:33:46 [main] INFO  o.s.b.w.e.tomcat.TomcatWebServer - Tomcat initialized with port(s): 8082 (http)
2024-04-24 14:33:46 [main] INFO  o.a.coyote.http11.Http11NioProtocol - Initializing ProtocolHandler ["http-nio-8082"]
2024-04-24 14:33:46 [main] INFO  o.a.catalina.core.StandardService - Starting service [Tomcat]
2024-04-24 14:33:46 [main] INFO  o.a.catalina.core.StandardEngine - Starting Servlet engine: [Apache Tomcat/9.0.63]
2024-04-24 14:33:46 [main] INFO  o.a.c.c.C.[Tomcat].[localhost].[/] - Initializing Spring embedded WebApplicationContext
2024-04-24 14:33:46 [main] INFO  o.s.b.w.s.c.ServletWebServerApplicationContext - Root WebApplicationContext: initialization completed in 2801 ms
2024-04-24 14:33:47 [main] INFO  o.h.jpa.internal.util.LogHelper - HHH000204: Processing PersistenceUnitInfo [name: default]
2024-04-24 14:33:47 [main] INFO  org.hibernate.Version - HHH000412: Hibernate ORM core version 5.6.9.Final
2024-04-24 14:33:47 [main] INFO  o.h.annotations.common.Version - HCANN000001: Hibernate Commons Annotations {5.1.2.Final}
2024-04-24 14:33:47 [main] INFO  com.zaxxer.hikari.HikariDataSource - HikariPool-1 - Starting...
2024-04-24 14:33:48 [main] INFO  com.zaxxer.hikari.HikariDataSource - HikariPool-1 - Start completed.
2024-04-24 14:33:48 [main] INFO  org.hibernate.dialect.Dialect - HHH000400: Using dialect: org.hibernate.dialect.MySQL5Dialect
2024-04-24 14:33:49 [main] INFO  o.h.e.t.j.p.i.JtaPlatformInitiator - HHH000490: Using JtaPlatform implementation: [org.hibernate.engine.transaction.jta.platform.internal.NoJtaPlatform]
2024-04-24 14:33:49 [main] INFO  o.s.o.j.LocalContainerEntityManagerFactoryBean - Initialized JPA EntityManagerFactory for persistence unit 'default'
2024-04-24 14:33:52 [main] INFO  o.a.coyote.http11.Http11NioProtocol - Starting ProtocolHandler ["http-nio-8082"]
2024-04-24 14:33:52 [main] INFO  o.s.b.w.e.tomcat.TomcatWebServer - Tomcat started on port(s): 8082 (http) with context path ''
2024-04-24 14:33:52 [main] INFO  DemoApplication - Started BankApplication in 10.136 seconds (JVM running for 11.189)
2024-04-24 14:34:01 [SpringApplicationShutdownHook] INFO  o.s.o.j.LocalContainerEntityManagerFactoryBean - Closing JPA EntityManagerFactory for persistence unit 'default'
2024-04-24 14:34:01 [SpringApplicationShutdownHook] INFO  com.zaxxer.hikari.HikariDataSource - HikariPool-1 - Shutdown initiated...
2024-04-24 14:34:01 [SpringApplicationShutdownHook] INFO  com.zaxxer.hikari.HikariDataSource - HikariPool-1 - Shutdown completed.
2024-04-24 15:06:06 [main] INFO  DemoApplication - Starting BankApplication using Java 1.8.0_402 on MacBooks-MBP.lan with PID 52481 (/Users/macbookpro/Documents/bank_demo_spring_boot/target/classes started by macbookpro in /Users/macbookpro/Documents/bank_demo_spring_boot)
2024-04-24 15:06:06 [main] INFO  DemoApplication - No active profile set, falling back to 1 default profile: "default"
2024-04-24 15:06:07 [main] INFO  o.s.d.r.c.RepositoryConfigurationDelegate - Bootstrapping Spring Data JPA repositories in DEFAULT mode.
2024-04-24 15:06:08 [main] INFO  o.s.d.r.c.RepositoryConfigurationDelegate - Finished Spring Data repository scanning in 100 ms. Found 4 JPA repository interfaces.
2024-04-24 15:06:09 [main] INFO  o.s.b.w.e.tomcat.TomcatWebServer - Tomcat initialized with port(s): 8082 (http)
2024-04-24 15:06:09 [main] INFO  o.a.coyote.http11.Http11NioProtocol - Initializing ProtocolHandler ["http-nio-8082"]
2024-04-24 15:06:09 [main] INFO  o.a.catalina.core.StandardService - Starting service [Tomcat]
2024-04-24 15:06:09 [main] INFO  o.a.catalina.core.StandardEngine - Starting Servlet engine: [Apache Tomcat/9.0.63]
2024-04-24 15:06:09 [main] INFO  o.a.c.c.C.[Tomcat].[localhost].[/] - Initializing Spring embedded WebApplicationContext
2024-04-24 15:06:09 [main] INFO  o.s.b.w.s.c.ServletWebServerApplicationContext - Root WebApplicationContext: initialization completed in 3119 ms
2024-04-24 15:06:10 [main] INFO  o.h.jpa.internal.util.LogHelper - HHH000204: Processing PersistenceUnitInfo [name: default]
2024-04-24 15:06:10 [main] INFO  org.hibernate.Version - HHH000412: Hibernate ORM core version 5.6.9.Final
2024-04-24 15:06:10 [main] INFO  o.h.annotations.common.Version - HCANN000001: Hibernate Commons Annotations {5.1.2.Final}
2024-04-24 15:06:10 [main] INFO  com.zaxxer.hikari.HikariDataSource - HikariPool-1 - Starting...
2024-04-24 15:06:11 [main] INFO  com.zaxxer.hikari.HikariDataSource - HikariPool-1 - Start completed.
2024-04-24 15:06:11 [main] INFO  org.hibernate.dialect.Dialect - HHH000400: Using dialect: org.hibernate.dialect.MySQL5Dialect
2024-04-24 15:06:12 [main] INFO  o.h.e.t.j.p.i.JtaPlatformInitiator - HHH000490: Using JtaPlatform implementation: [org.hibernate.engine.transaction.jta.platform.internal.NoJtaPlatform]
2024-04-24 15:06:12 [main] INFO  o.s.o.j.LocalContainerEntityManagerFactoryBean - Initialized JPA EntityManagerFactory for persistence unit 'default'
2024-04-24 15:06:15 [main] INFO  o.a.coyote.http11.Http11NioProtocol - Starting ProtocolHandler ["http-nio-8082"]
2024-04-24 15:06:15 [main] INFO  o.s.b.w.e.tomcat.TomcatWebServer - Tomcat started on port(s): 8082 (http) with context path ''
2024-04-24 15:06:15 [main] INFO  DemoApplication - Started BankApplication in 10.496 seconds (JVM running for 11.618)
2024-04-24 15:09:34 [http-nio-8082-exec-2] INFO  o.a.c.c.C.[Tomcat].[localhost].[/] - Initializing Spring DispatcherServlet 'dispatcherServlet'
2024-04-24 15:09:34 [http-nio-8082-exec-2] INFO  o.s.web.servlet.DispatcherServlet - Initializing Servlet 'dispatcherServlet'
2024-04-24 15:09:34 [http-nio-8082-exec-2] INFO  o.s.web.servlet.DispatcherServlet - Completed initialization in 8 ms
2024-04-24 15:09:35 [http-nio-8082-exec-2] INFO  c.b.bank.controller.BankController - GET: ALL USER ACCOUNTS.
2024-04-24 15:09:35 [http-nio-8082-exec-2] INFO  c.b.bank.controller.BankController - SERVICE: GET ALL ACCOUNTS.
2024-04-24 15:09:59 [http-nio-8082-exec-3] INFO  c.b.bank.controller.BankController - GET: ALL TRANSACTIONS.
2024-04-24 15:09:59 [http-nio-8082-exec-3] INFO  c.b.bank.controller.BankController - SERVICE: GET ALL TRANSACTIONS
2024-04-24 15:38:59 [SpringApplicationShutdownHook] INFO  o.s.o.j.LocalContainerEntityManagerFactoryBean - Closing JPA EntityManagerFactory for persistence unit 'default'
2024-04-24 15:38:59 [SpringApplicationShutdownHook] INFO  com.zaxxer.hikari.HikariDataSource - HikariPool-1 - Shutdown initiated...
2024-04-24 15:38:59 [SpringApplicationShutdownHook] INFO  com.zaxxer.hikari.HikariDataSource - HikariPool-1 - Shutdown completed.
